{
  "RSpec": {
    "coverage": {
      "/Users/torienyart/Documents/TORI ENYART/Turing/3mod/projects/rails_engine/config/environment.rb": {
        "lines": [
          null,
          1,
          null,
          null,
          1
        ]
      },
      "/Users/torienyart/Documents/TORI ENYART/Turing/3mod/projects/rails_engine/config/application.rb": {
        "lines": [
          1,
          null,
          1,
          null,
          1,
          1,
          1,
          1,
          1,
          1,
          1,
          1,
          1,
          1,
          null,
          null,
          null,
          null,
          1,
          null,
          1,
          1,
          null,
          1,
          null,
          null,
          null,
          null,
          null,
          null,
          null,
          null,
          null,
          null,
          null,
          null,
          1,
          null,
          null
        ]
      },
      "/Users/torienyart/Documents/TORI ENYART/Turing/3mod/projects/rails_engine/config/boot.rb": {
        "lines": [
          1,
          null,
          1,
          1
        ]
      },
      "/Users/torienyart/Documents/TORI ENYART/Turing/3mod/projects/rails_engine/config/environments/test.rb": {
        "lines": [
          1,
          null,
          null,
          null,
          null,
          null,
          null,
          1,
          null,
          null,
          null,
          1,
          null,
          null,
          null,
          null,
          1,
          null,
          null,
          1,
          1,
          null,
          null,
          null,
          null,
          1,
          1,
          1,
          null,
          null,
          1,
          null,
          null,
          1,
          null,
          null,
          1,
          null,
          1,
          null,
          null,
          null,
          null,
          1,
          null,
          null,
          1,
          null,
          null,
          1,
          null,
          null,
          1,
          null,
          null,
          null,
          null,
          null,
          null,
          null
        ]
      },
      "/Users/torienyart/Documents/TORI ENYART/Turing/3mod/projects/rails_engine/config/initializers/cors.rb": {
        "lines": [
          null,
          null,
          null,
          null,
          null,
          null,
          null,
          null,
          null,
          null,
          null,
          null,
          null,
          null,
          null,
          null
        ]
      },
      "/Users/torienyart/Documents/TORI ENYART/Turing/3mod/projects/rails_engine/config/initializers/filter_parameter_logging.rb": {
        "lines": [
          null,
          null,
          null,
          null,
          null,
          1,
          null,
          null
        ]
      },
      "/Users/torienyart/Documents/TORI ENYART/Turing/3mod/projects/rails_engine/config/initializers/inflections.rb": {
        "lines": [
          null,
          null,
          null,
          null,
          null,
          null,
          null,
          null,
          null,
          null,
          null,
          null,
          null,
          null,
          null,
          null
        ]
      },
      "/Users/torienyart/Documents/TORI ENYART/Turing/3mod/projects/rails_engine/spec/factories/items.rb": {
        "lines": [
          1,
          null,
          1,
          1,
          36,
          36,
          36,
          null,
          null
        ]
      },
      "/Users/torienyart/Documents/TORI ENYART/Turing/3mod/projects/rails_engine/spec/factories/merchants.rb": {
        "lines": [
          1,
          null,
          1,
          1,
          6,
          null,
          null
        ]
      },
      "/Users/torienyart/Documents/TORI ENYART/Turing/3mod/projects/rails_engine/config/routes.rb": {
        "lines": [
          1,
          null,
          null,
          null,
          null,
          null,
          1,
          1,
          1,
          1,
          null,
          null,
          null
        ]
      },
      "/Users/torienyart/Documents/TORI ENYART/Turing/3mod/projects/rails_engine/spec/support/factory_bot.rb": {
        "lines": [
          1,
          1,
          null
        ]
      },
      "/Users/torienyart/Documents/TORI ENYART/Turing/3mod/projects/rails_engine/app/models/merchant.rb": {
        "lines": [
          1,
          1,
          1,
          1,
          1,
          1,
          null
        ]
      },
      "/Users/torienyart/Documents/TORI ENYART/Turing/3mod/projects/rails_engine/app/models/application_record.rb": {
        "lines": [
          1,
          1,
          null
        ]
      },
      "/Users/torienyart/Documents/TORI ENYART/Turing/3mod/projects/rails_engine/app/models/item.rb": {
        "lines": [
          1,
          1,
          1,
          null,
          1,
          1,
          1,
          null
        ]
      },
      "/Users/torienyart/Documents/TORI ENYART/Turing/3mod/projects/rails_engine/app/controllers/api/v1/items_controller.rb": {
        "lines": [
          1,
          1,
          1,
          null,
          null,
          1,
          1,
          null,
          null,
          1,
          3,
          3,
          2,
          null,
          1,
          1,
          null,
          null,
          null,
          null,
          null,
          1,
          null,
          1,
          3,
          null,
          null
        ]
      },
      "/Users/torienyart/Documents/TORI ENYART/Turing/3mod/projects/rails_engine/app/controllers/application_controller.rb": {
        "lines": [
          1,
          null
        ]
      },
      "/Users/torienyart/Documents/TORI ENYART/Turing/3mod/projects/rails_engine/app/serializers/item_serializer.rb": {
        "lines": [
          1,
          1,
          1,
          null
        ]
      },
      "/Users/torienyart/Documents/TORI ENYART/Turing/3mod/projects/rails_engine/app/serializers/error_serializer.rb": {
        "lines": [
          1,
          1,
          1,
          1,
          null,
          null,
          1,
          1,
          4,
          null,
          null,
          null
        ]
      }
    },
    "timestamp": 1679970353
  }
}
